2023-06-04 17:02:29,460 INFO o.a.j.u.JMeterUtils: Setting Locale to en_EN
2023-06-04 17:02:29,509 INFO o.a.j.JMeter: Loading user properties from: /usr/local/Cellar/jmeter/5.5/libexec/bin/user.properties
2023-06-04 17:02:29,510 INFO o.a.j.JMeter: Loading system properties from: /usr/local/Cellar/jmeter/5.5/libexec/bin/system.properties
2023-06-04 17:02:29,519 INFO o.a.j.JMeter: Copyright (c) 1998-2022 The Apache Software Foundation
2023-06-04 17:02:29,519 INFO o.a.j.JMeter: Version 5.5
2023-06-04 17:02:29,519 INFO o.a.j.JMeter: java.version=17.0.7
2023-06-04 17:02:29,519 INFO o.a.j.JMeter: java.vm.name=OpenJDK 64-Bit Server VM
2023-06-04 17:02:29,519 INFO o.a.j.JMeter: os.name=Mac OS X
2023-06-04 17:02:29,519 INFO o.a.j.JMeter: os.arch=x86_64
2023-06-04 17:02:29,519 INFO o.a.j.JMeter: os.version=11.3
2023-06-04 17:02:29,519 INFO o.a.j.JMeter: file.encoding=UTF-8
2023-06-04 17:02:29,519 INFO o.a.j.JMeter: java.awt.headless=null
2023-06-04 17:02:29,520 INFO o.a.j.JMeter: Max memory     =1073741824
2023-06-04 17:02:29,520 INFO o.a.j.JMeter: Available Processors =8
2023-06-04 17:02:29,530 INFO o.a.j.JMeter: Default Locale=English (EN)
2023-06-04 17:02:29,530 INFO o.a.j.JMeter: JMeter  Locale=English (EN)
2023-06-04 17:02:29,530 INFO o.a.j.JMeter: JMeterHome=/usr/local/Cellar/jmeter/5.5/libexec
2023-06-04 17:02:29,530 INFO o.a.j.JMeter: user.dir  =/Users/junhongg/Developer/assignment_demo_2023
2023-06-04 17:02:29,530 INFO o.a.j.JMeter: PWD       =/Users/junhongg/Developer/assignment_demo_2023
2023-06-04 17:02:29,532 INFO o.a.j.JMeter: IP: 127.0.0.1 Name: MacBook-Pro-9.local FullName: localhost
2023-06-04 17:02:29,540 INFO o.a.j.JMeter: Loaded icon properties from org/apache/jmeter/images/icon.properties
2023-06-04 17:02:30,806 INFO o.a.j.JMeterGuiLauncher: Setting LAF to: com.github.weisj.darklaf.DarkLaf:com.github.weisj.darklaf.theme.DarculaTheme
2023-06-04 17:02:54,173 INFO o.j.r.JARSourceHTTP: Requesting https://jmeter-plugins.org/repo/?installID=mac_os_x-64cbc203d5222ceb2cfa39c2b203bec2-gui
2023-06-04 17:02:56,688 INFO o.j.r.PluginManager: Plugins Status: [jpgc-plugins-manager=1.7, jmeter-core=5.5, jmeter-ftp=5.5, jmeter-http=5.5, jmeter-jdbc=5.5, jmeter-jms=5.5, jmeter-junit=5.5, jmeter-java=5.5, jmeter-ldap=5.5, jmeter-mail=5.5, jmeter-mongodb=5.5, jmeter-native=5.5, jmeter-tcp=5.5, jmeter-components=5.5]
2023-06-04 17:02:56,697 INFO o.j.r.PluginManagerMenuItem: Plugins Manager has upgrades: [jpgc-plugins-manager]
2023-06-04 17:03:10,924 INFO o.a.j.s.FileServer: Default base='/Users/junhongg/Developer/assignment_demo_2023'
2023-06-04 17:03:10,930 INFO o.a.j.g.a.Load: Loading file: /Users/junhongg/Developer/assignment_demo_2023/HTTP Request.jmx
2023-06-04 17:03:10,930 INFO o.a.j.s.FileServer: Set new base='/Users/junhongg/Developer/assignment_demo_2023'
2023-06-04 17:03:11,113 INFO o.a.j.s.SaveService: Testplan (JMX) version: 2.2. Testlog (JTL) version: 2.2
2023-06-04 17:03:11,123 INFO o.a.j.s.SaveService: Using SaveService properties version 5.0
2023-06-04 17:03:11,125 INFO o.a.j.s.SaveService: Using SaveService properties file encoding UTF-8
2023-06-04 17:03:11,126 INFO o.a.j.s.SaveService: Loading file: /Users/junhongg/Developer/assignment_demo_2023/HTTP Request.jmx
2023-06-04 17:03:11,274 INFO o.a.j.p.h.s.HTTPSamplerBase: Parser for text/html is org.apache.jmeter.protocol.http.parser.LagartoBasedHtmlParser
2023-06-04 17:03:11,274 INFO o.a.j.p.h.s.HTTPSamplerBase: Parser for application/xhtml+xml is org.apache.jmeter.protocol.http.parser.LagartoBasedHtmlParser
2023-06-04 17:03:11,274 INFO o.a.j.p.h.s.HTTPSamplerBase: Parser for application/xml is org.apache.jmeter.protocol.http.parser.LagartoBasedHtmlParser
2023-06-04 17:03:11,274 INFO o.a.j.p.h.s.HTTPSamplerBase: Parser for text/xml is org.apache.jmeter.protocol.http.parser.LagartoBasedHtmlParser
2023-06-04 17:03:11,274 INFO o.a.j.p.h.s.HTTPSamplerBase: Parser for text/vnd.wap.wml is org.apache.jmeter.protocol.http.parser.RegexpHTMLParser
2023-06-04 17:03:11,274 INFO o.a.j.p.h.s.HTTPSamplerBase: Parser for text/css is org.apache.jmeter.protocol.http.parser.CssParser
2023-06-04 17:03:11,477 INFO o.a.j.s.SampleResult: Note: Sample TimeStamps are START times
2023-06-04 17:03:11,478 INFO o.a.j.s.SampleResult: sampleresult.default.encoding is set to ISO-8859-1
2023-06-04 17:03:11,478 INFO o.a.j.s.SampleResult: sampleresult.useNanoTime=true
2023-06-04 17:03:11,478 INFO o.a.j.s.SampleResult: sampleresult.nanoThreadSleep=5000
2023-06-04 17:03:11,731 INFO o.a.j.v.ViewResultsFullVisualizer: Add JavaFX to your Java installation if you want to use renderer: org.apache.jmeter.visualizers.RenderInBrowser
2023-06-04 17:03:11,861 INFO o.a.j.s.FileServer: Set new base='/Users/junhongg/Developer/assignment_demo_2023'
2023-06-04 17:03:18,589 INFO o.a.j.e.StandardJMeterEngine: Running the test!
2023-06-04 17:03:18,590 INFO o.a.j.s.SampleEvent: List of sample_variables: []
2023-06-04 17:03:18,590 INFO o.a.j.s.SampleEvent: List of sample_variables: []
2023-06-04 17:03:18,592 INFO o.a.j.e.u.CompoundVariable: Note: Function class names must contain the string: '.functions.'
2023-06-04 17:03:18,592 INFO o.a.j.e.u.CompoundVariable: Note: Function class names must not contain the string: '.gui.'
2023-06-04 17:03:18,635 INFO o.a.j.g.u.JMeterMenuBar: setRunning(true, *local*)
2023-06-04 17:03:18,670 INFO o.a.j.e.StandardJMeterEngine: Starting ThreadGroup: 1 : Thread Group
2023-06-04 17:03:18,670 INFO o.a.j.e.StandardJMeterEngine: Starting 20 threads for group Thread Group.
2023-06-04 17:03:18,670 INFO o.a.j.e.StandardJMeterEngine: Thread will continue on error
2023-06-04 17:03:18,671 INFO o.a.j.t.ThreadGroup: Starting thread group... number=1 threads=20 ramp-up=10 delayedStart=false
2023-06-04 17:03:18,674 INFO o.a.j.t.JMeterThread: Thread started: Thread Group 1-1
2023-06-04 17:03:18,682 INFO o.a.j.t.ThreadGroup: Started thread group number 1
2023-06-04 17:03:18,682 INFO o.a.j.e.StandardJMeterEngine: All thread groups have been started
2023-06-04 17:03:18,685 INFO o.a.j.p.h.s.HTTPHCAbstractImpl: Local host = MacBook-Pro-9.local
2023-06-04 17:03:18,693 INFO o.a.j.p.h.s.HTTPHC4Impl: HTTP request retry count = 0
2023-06-04 17:03:18,850 INFO o.a.j.t.JMeterThread: Thread is done: Thread Group 1-1
2023-06-04 17:03:18,850 INFO o.a.j.t.JMeterThread: Thread finished: Thread Group 1-1
2023-06-04 17:03:19,176 INFO o.a.j.t.JMeterThread: Thread started: Thread Group 1-2
2023-06-04 17:03:19,219 INFO o.a.j.t.JMeterThread: Thread is done: Thread Group 1-2
2023-06-04 17:03:19,220 INFO o.a.j.t.JMeterThread: Thread finished: Thread Group 1-2
2023-06-04 17:03:19,676 INFO o.a.j.t.JMeterThread: Thread started: Thread Group 1-3
2023-06-04 17:03:19,714 INFO o.a.j.t.JMeterThread: Thread is done: Thread Group 1-3
2023-06-04 17:03:19,714 INFO o.a.j.t.JMeterThread: Thread finished: Thread Group 1-3
2023-06-04 17:03:20,176 INFO o.a.j.t.JMeterThread: Thread started: Thread Group 1-4
2023-06-04 17:03:20,225 INFO o.a.j.t.JMeterThread: Thread is done: Thread Group 1-4
2023-06-04 17:03:20,225 INFO o.a.j.t.JMeterThread: Thread finished: Thread Group 1-4
2023-06-04 17:03:20,676 INFO o.a.j.t.JMeterThread: Thread started: Thread Group 1-5
2023-06-04 17:03:20,713 INFO o.a.j.t.JMeterThread: Thread is done: Thread Group 1-5
2023-06-04 17:03:20,713 INFO o.a.j.t.JMeterThread: Thread finished: Thread Group 1-5
2023-06-04 17:03:21,177 INFO o.a.j.t.JMeterThread: Thread started: Thread Group 1-6
2023-06-04 17:03:21,216 INFO o.a.j.t.JMeterThread: Thread is done: Thread Group 1-6
2023-06-04 17:03:21,216 INFO o.a.j.t.JMeterThread: Thread finished: Thread Group 1-6
2023-06-04 17:03:21,674 INFO o.a.j.t.JMeterThread: Thread started: Thread Group 1-7
2023-06-04 17:03:21,716 INFO o.a.j.t.JMeterThread: Thread is done: Thread Group 1-7
2023-06-04 17:03:21,716 INFO o.a.j.t.JMeterThread: Thread finished: Thread Group 1-7
2023-06-04 17:03:22,177 INFO o.a.j.t.JMeterThread: Thread started: Thread Group 1-8
2023-06-04 17:03:22,222 INFO o.a.j.t.JMeterThread: Thread is done: Thread Group 1-8
2023-06-04 17:03:22,223 INFO o.a.j.t.JMeterThread: Thread finished: Thread Group 1-8
2023-06-04 17:03:22,675 INFO o.a.j.t.JMeterThread: Thread started: Thread Group 1-9
2023-06-04 17:03:22,710 INFO o.a.j.t.JMeterThread: Thread is done: Thread Group 1-9
2023-06-04 17:03:22,710 INFO o.a.j.t.JMeterThread: Thread finished: Thread Group 1-9
2023-06-04 17:03:23,174 INFO o.a.j.t.JMeterThread: Thread started: Thread Group 1-10
2023-06-04 17:03:23,215 INFO o.a.j.t.JMeterThread: Thread is done: Thread Group 1-10
2023-06-04 17:03:23,215 INFO o.a.j.t.JMeterThread: Thread finished: Thread Group 1-10
2023-06-04 17:03:23,677 INFO o.a.j.t.JMeterThread: Thread started: Thread Group 1-11
2023-06-04 17:03:23,718 INFO o.a.j.t.JMeterThread: Thread is done: Thread Group 1-11
2023-06-04 17:03:23,718 INFO o.a.j.t.JMeterThread: Thread finished: Thread Group 1-11
2023-06-04 17:03:24,175 INFO o.a.j.t.JMeterThread: Thread started: Thread Group 1-12
2023-06-04 17:03:24,213 INFO o.a.j.t.JMeterThread: Thread is done: Thread Group 1-12
2023-06-04 17:03:24,213 INFO o.a.j.t.JMeterThread: Thread finished: Thread Group 1-12
2023-06-04 17:03:24,676 INFO o.a.j.t.JMeterThread: Thread started: Thread Group 1-13
2023-06-04 17:03:24,716 INFO o.a.j.t.JMeterThread: Thread is done: Thread Group 1-13
2023-06-04 17:03:24,716 INFO o.a.j.t.JMeterThread: Thread finished: Thread Group 1-13
2023-06-04 17:03:25,173 INFO o.a.j.t.JMeterThread: Thread started: Thread Group 1-14
2023-06-04 17:03:25,211 INFO o.a.j.t.JMeterThread: Thread is done: Thread Group 1-14
2023-06-04 17:03:25,211 INFO o.a.j.t.JMeterThread: Thread finished: Thread Group 1-14
2023-06-04 17:03:25,671 INFO o.a.j.t.JMeterThread: Thread started: Thread Group 1-15
2023-06-04 17:03:25,705 INFO o.a.j.t.JMeterThread: Thread is done: Thread Group 1-15
2023-06-04 17:03:25,705 INFO o.a.j.t.JMeterThread: Thread finished: Thread Group 1-15
2023-06-04 17:03:26,175 INFO o.a.j.t.JMeterThread: Thread started: Thread Group 1-16
2023-06-04 17:03:26,224 INFO o.a.j.t.JMeterThread: Thread is done: Thread Group 1-16
2023-06-04 17:03:26,224 INFO o.a.j.t.JMeterThread: Thread finished: Thread Group 1-16
2023-06-04 17:03:26,676 INFO o.a.j.t.JMeterThread: Thread started: Thread Group 1-17
2023-06-04 17:03:26,714 INFO o.a.j.t.JMeterThread: Thread is done: Thread Group 1-17
2023-06-04 17:03:26,715 INFO o.a.j.t.JMeterThread: Thread finished: Thread Group 1-17
2023-06-04 17:03:27,177 INFO o.a.j.t.JMeterThread: Thread started: Thread Group 1-18
2023-06-04 17:03:27,214 INFO o.a.j.t.JMeterThread: Thread is done: Thread Group 1-18
2023-06-04 17:03:27,215 INFO o.a.j.t.JMeterThread: Thread finished: Thread Group 1-18
2023-06-04 17:03:27,676 INFO o.a.j.t.JMeterThread: Thread started: Thread Group 1-19
2023-06-04 17:03:27,715 INFO o.a.j.t.JMeterThread: Thread is done: Thread Group 1-19
2023-06-04 17:03:27,715 INFO o.a.j.t.JMeterThread: Thread finished: Thread Group 1-19
2023-06-04 17:03:28,172 INFO o.a.j.t.JMeterThread: Thread started: Thread Group 1-20
2023-06-04 17:03:28,214 INFO o.a.j.t.JMeterThread: Thread is done: Thread Group 1-20
2023-06-04 17:03:28,214 INFO o.a.j.t.JMeterThread: Thread finished: Thread Group 1-20
2023-06-04 17:03:28,214 INFO o.a.j.e.StandardJMeterEngine: Notifying test listeners of end of test
2023-06-04 17:03:28,215 INFO o.a.j.g.u.JMeterMenuBar: setRunning(false, *local*)
